c:\users\yp\documents\visual studio 2015\projects\fighter\fighter\debug\fighter.pch.codeanalysis
c:\users\yp\documents\visual studio 2015\projects\fighter\fighter\debug\vc140.pdb
c:\users\yp\documents\visual studio 2015\projects\fighter\fighter\debug\vc140.idb
c:\users\yp\documents\visual studio 2015\projects\fighter\fighter\debug\fighter.pch.codeanalysisast
c:\users\yp\documents\visual studio 2015\projects\fighter\fighter\debug\stdafx.nativecodeanalysis.xml
c:\users\yp\documents\visual studio 2015\projects\fighter\fighter\debug\stdafx.obj
c:\users\yp\documents\visual studio 2015\projects\fighter\fighter\debug\fighter.pch
c:\users\yp\documents\visual studio 2015\projects\fighter\fighter\debug\background.nativecodeanalysis.xml
c:\users\yp\documents\visual studio 2015\projects\fighter\fighter\debug\enermy.nativecodeanalysis.xml
c:\users\yp\documents\visual studio 2015\projects\fighter\fighter\debug\enermy_bullet.nativecodeanalysis.xml
c:\users\yp\documents\visual studio 2015\projects\fighter\fighter\debug\explode.nativecodeanalysis.xml
c:\users\yp\documents\visual studio 2015\projects\fighter\fighter\debug\explode_enermy.nativecodeanalysis.xml
c:\users\yp\documents\visual studio 2015\projects\fighter\fighter\debug\fly_bulllet.nativecodeanalysis.xml
c:\users\yp\documents\visual studio 2015\projects\fighter\fighter\debug\mybullet.nativecodeanalysis.xml
c:\users\yp\documents\visual studio 2015\projects\fighter\fighter\debug\myplane_explode.nativecodeanalysis.xml
c:\users\yp\documents\visual studio 2015\projects\fighter\fighter\debug\my_plane.nativecodeanalysis.xml
c:\users\yp\documents\visual studio 2015\projects\fighter\fighter\debug\object_manage.nativecodeanalysis.xml
c:\users\yp\documents\visual studio 2015\projects\fighter\fighter\debug\quicker_killer.nativecodeanalysis.xml
c:\users\yp\documents\visual studio 2015\projects\fighter\fighter\debug\resolve_interface.nativecodeanalysis.xml
c:\users\yp\documents\visual studio 2015\projects\fighter\fighter\debug\start_interface.nativecodeanalysis.xml
c:\users\yp\documents\visual studio 2015\projects\fighter\fighter\debug\start_interface.obj
c:\users\yp\documents\visual studio 2015\projects\fighter\fighter\debug\resolve_interface.obj
c:\users\yp\documents\visual studio 2015\projects\fighter\fighter\debug\quicker_killer.obj
c:\users\yp\documents\visual studio 2015\projects\fighter\fighter\debug\object_manage.obj
c:\users\yp\documents\visual studio 2015\projects\fighter\fighter\debug\my_plane.obj
c:\users\yp\documents\visual studio 2015\projects\fighter\fighter\debug\myplane_explode.obj
c:\users\yp\documents\visual studio 2015\projects\fighter\fighter\debug\mybullet.obj
c:\users\yp\documents\visual studio 2015\projects\fighter\fighter\debug\fly_bulllet.obj
c:\users\yp\documents\visual studio 2015\projects\fighter\fighter\debug\explode_enermy.obj
c:\users\yp\documents\visual studio 2015\projects\fighter\fighter\debug\explode.obj
c:\users\yp\documents\visual studio 2015\projects\fighter\fighter\debug\enermy_bullet.obj
c:\users\yp\documents\visual studio 2015\projects\fighter\fighter\debug\enermy.obj
c:\users\yp\documents\visual studio 2015\projects\fighter\fighter\debug\background.obj
c:\users\yp\documents\visual studio 2015\projects\fighter\fighter\debug\fighter.obj
c:\users\yp\documents\visual studio 2015\projects\fighter\fighter\debug\rocket.obj
c:\users\yp\documents\visual studio 2015\projects\fighter\debug\fighter.ilk
c:\users\yp\documents\visual studio 2015\projects\fighter\debug\fighter.exe
c:\users\yp\documents\visual studio 2015\projects\fighter\debug\fighter.pdb
c:\users\yp\documents\visual studio 2015\projects\fighter\fighter\debug\fighter.res
c:\users\yp\documents\visual studio 2015\projects\fighter\fighter\debug\fighter.tlog\cl.command.1.tlog
c:\users\yp\documents\visual studio 2015\projects\fighter\fighter\debug\fighter.tlog\cl.read.1.tlog
c:\users\yp\documents\visual studio 2015\projects\fighter\fighter\debug\fighter.tlog\cl.write.1.tlog
c:\users\yp\documents\visual studio 2015\projects\fighter\fighter\debug\fighter.tlog\link.command.1.tlog
c:\users\yp\documents\visual studio 2015\projects\fighter\fighter\debug\fighter.tlog\link.read.1.tlog
c:\users\yp\documents\visual studio 2015\projects\fighter\fighter\debug\fighter.tlog\link.write.1.tlog
c:\users\yp\documents\visual studio 2015\projects\fighter\fighter\debug\fighter.tlog\rc.command.1.tlog
c:\users\yp\documents\visual studio 2015\projects\fighter\fighter\debug\fighter.tlog\rc.read.1.tlog
c:\users\yp\documents\visual studio 2015\projects\fighter\fighter\debug\fighter.tlog\rc.write.1.tlog
