h:\c++\fighters\fighters\debug\vc140.pdb
h:\c++\fighters\fighters\debug\vc140.idb
h:\c++\fighters\fighters\debug\action.obj
h:\c++\fighters\fighters\debug\bonus.obj
h:\c++\fighters\fighters\debug\bullet.obj
h:\c++\fighters\fighters\debug\enemy.obj
h:\c++\fighters\fighters\debug\game.obj
h:\c++\fighters\fighters\debug\hero.obj
h:\c++\fighters\fighters\debug\load.obj
h:\c++\fighters\fighters\debug\main.obj
h:\c++\fighters\fighters\debug\mmusic.obj
h:\c++\fighters\fighters\debug\plane.obj
h:\c++\fighters\fighters\debug\rtexture.obj
h:\c++\fighters\fighters\debug\world.obj
h:\c++\fighters\debug\fighters.ilk
h:\c++\fighters\debug\fighters.exe
h:\c++\fighters\debug\fighters.pdb
h:\c++\fighters\fighters\debug\fighters.tlog\cl.command.1.tlog
h:\c++\fighters\fighters\debug\fighters.tlog\cl.read.1.tlog
h:\c++\fighters\fighters\debug\fighters.tlog\cl.write.1.tlog
h:\c++\fighters\fighters\debug\fighters.tlog\link.command.1.tlog
h:\c++\fighters\fighters\debug\fighters.tlog\link.read.1.tlog
h:\c++\fighters\fighters\debug\fighters.tlog\link.write.1.tlog
